<?xml version="1.0" encoding="UTF-8"?>
<!-- Generated by org.testng.reporters.JUnitReportReporter -->
<testsuite hostname="DESKTOP-SCRB4UF" failures="0" tests="2" name="tests.SmokeTest1" time="0.008" errors="0" timestamp="2023-06-12T13:23:32 IST" skipped="0">
  <testcase classname="tests.SmokeTest1" name="testCase2" time="0.003"/>
  <system-out/>
  <testcase classname="tests.SmokeTest1" name="testCase1" time="0.005"/>
  <system-out/>
</testsuite> <!-- tests.SmokeTest1 -->
