<?xml version="1.0" encoding="UTF-8"?>
<!-- Generated by org.testng.reporters.JUnitReportReporter -->
<testsuite hostname="DESKTOP-SCRB4UF" failures="0" tests="2" name="tests.RegressionTest1" time="2.608" errors="0" timestamp="2023-06-13T00:09:15 IST" skipped="0">
  <testcase classname="tests.RegressionTest1" name="testCase1" time="1.319"/>
  <system-out/>
  <testcase classname="tests.RegressionTest1" name="testCase2" time="1.289"/>
  <system-out/>
</testsuite> <!-- tests.RegressionTest1 -->
