<?xml version="1.0" encoding="UTF-8"?>
<!-- Generated by org.testng.reporters.JUnitReportReporter -->
<testsuite hostname="DESKTOP-SCRB4UF" failures="0" tests="2" name="tests.SmokeTest1" time="0.003" errors="0" timestamp="2023-06-13T01:14:13 IST" skipped="0">
  <testcase classname="tests.SmokeTest1" name="testCase1" time="0.002"/>
  <system-out/>
  <testcase classname="tests.SmokeTest1" name="testCase2" time="0.001"/>
  <system-out/>
</testsuite> <!-- tests.SmokeTest1 -->
